2013/05/01 20:51:43 [error] [exception.CHttpException.404] exception 'CHttpException' with message 'Unable to resolve the request "gii".' in /Library/WebServer/yi-1-1-13/web/CWebApplication.php:286
Stack trace:
#0 /Library/WebServer/yi-1-1-13/web/CWebApplication.php(141): CWebApplication->runController('gii')
#1 /Library/WebServer/yi-1-1-13/base/CApplication.php(169): CWebApplication->processRequest()
#2 /Library/WebServer/Documents/trackstar/index.php(13): CApplication->run()
#3 {main}
REQUEST_URI=/trackstar/index.php?r=gii
---
2013/05/02 11:50:46 [error] [exception.CHttpException.403] exception 'CHttpException' with message 'You are not authorized to perform this action.' in /Library/WebServer/yi-1-1-13/web/auth/CAccessControlFilter.php:179
Stack trace:
#0 /Library/WebServer/yi-1-1-13/web/auth/CAccessControlFilter.php(142): CAccessControlFilter->accessDenied(Object(CWebUser), 'You are not aut...')
#1 /Library/WebServer/yi-1-1-13/web/filters/CFilter.php(38): CAccessControlFilter->preFilter(Object(CFilterChain))
#2 /Library/WebServer/yi-1-1-13/web/CController.php(1145): CFilter->filter(Object(CFilterChain))
#3 /Library/WebServer/yi-1-1-13/web/filters/CInlineFilter.php(58): CController->filterAccessControl(Object(CFilterChain))
#4 /Library/WebServer/yi-1-1-13/web/filters/CFilterChain.php(130): CInlineFilter->filter(Object(CFilterChain))
#5 /Library/WebServer/yi-1-1-13/web/CController.php(291): CFilterChain->run()
#6 /Library/WebServer/yi-1-1-13/web/CController.php(265): CController->runActionWithFilters(Object(CInlineAction), Array)
#7 /Library/WebServer/yi-1-1-13/web/CWebApplication.php(282): CController->run('delete')
#8 /Library/WebServer/yi-1-1-13/web/CWebApplication.php(141): CWebApplication->runController('project/delete')
#9 /Library/WebServer/yi-1-1-13/base/CApplication.php(169): CWebApplication->processRequest()
#10 /Library/WebServer/Documents/trackstar/index.php(13): CApplication->run()
#11 {main}
REQUEST_URI=/trackstar/index.php?r=project/delete&id=1
HTTP_REFERER=http://localhost/trackstar/index.php?r=project/view&id=1
---
2013/05/02 11:51:09 [error] [exception.CHttpException.403] exception 'CHttpException' with message 'You are not authorized to perform this action.' in /Library/WebServer/yi-1-1-13/web/auth/CAccessControlFilter.php:179
Stack trace:
#0 /Library/WebServer/yi-1-1-13/web/auth/CAccessControlFilter.php(142): CAccessControlFilter->accessDenied(Object(CWebUser), 'You are not aut...')
#1 /Library/WebServer/yi-1-1-13/web/filters/CFilter.php(38): CAccessControlFilter->preFilter(Object(CFilterChain))
#2 /Library/WebServer/yi-1-1-13/web/CController.php(1145): CFilter->filter(Object(CFilterChain))
#3 /Library/WebServer/yi-1-1-13/web/filters/CInlineFilter.php(58): CController->filterAccessControl(Object(CFilterChain))
#4 /Library/WebServer/yi-1-1-13/web/filters/CFilterChain.php(130): CInlineFilter->filter(Object(CFilterChain))
#5 /Library/WebServer/yi-1-1-13/web/CController.php(291): CFilterChain->run()
#6 /Library/WebServer/yi-1-1-13/web/CController.php(265): CController->runActionWithFilters(Object(CInlineAction), Array)
#7 /Library/WebServer/yi-1-1-13/web/CWebApplication.php(282): CController->run('admin')
#8 /Library/WebServer/yi-1-1-13/web/CWebApplication.php(141): CWebApplication->runController('project/admin')
#9 /Library/WebServer/yi-1-1-13/base/CApplication.php(169): CWebApplication->processRequest()
#10 /Library/WebServer/Documents/trackstar/index.php(13): CApplication->run()
#11 {main}
REQUEST_URI=/trackstar/index.php?r=project/admin
HTTP_REFERER=http://localhost/trackstar/index.php?r=project/view&id=1
---
2013/05/02 12:59:35 [error] [system.db.CDbCommand] CDbCommand::fetchAll() failed: SQLSTATE[42S02]: Base table or view not found: 1146 Table 'trackstar.tbl_issue' doesn't exist. The SQL statement executed was: SHOW FULL COLUMNS FROM `tbl_issue`.
in /Library/WebServer/Documents/trackstar/index.php (13)
2013/05/02 14:09:49 [error] [exception.CException] exception 'CException' with message 'Issue and its behaviors do not have a method or closure named "getAllowedTypeRange".' in /Library/WebServer/yi-1-1-13/base/CComponent.php:265
Stack trace:
#0 /Library/WebServer/yi-1-1-13/db/ar/CActiveRecord.php(225): CComponent->__call('getAllowedTypeR...', Array)
#1 /Library/WebServer/Documents/trackstar/protected/models/Issue.php(68): CActiveRecord->__call('getAllowedTypeR...', Array)
#2 /Library/WebServer/Documents/trackstar/protected/models/Issue.php(68): Issue->getAllowedTypeRange()
#3 /Library/WebServer/yi-1-1-13/base/CModel.php(283): Issue->rules()
#4 /Library/WebServer/yi-1-1-13/base/CModel.php(260): CModel->createValidators()
#5 /Library/WebServer/yi-1-1-13/base/CModel.php(303): CModel->getValidators('name')
#6 /Library/WebServer/yi-1-1-13/web/helpers/CHtml.php(1237): CModel->isAttributeRequired('name')
#7 /Library/WebServer/yi-1-1-13/web/widgets/CActiveForm.php(562): CHtml::activeLabelEx(Object(Issue), 'name', Array)
#8 /Library/WebServer/Documents/trackstar/protected/views/issue/_form.php(19): CActiveForm->labelEx(Object(Issue), 'name')
#9 /Library/WebServer/yi-1-1-13/web/CBaseController.php(126): require('/Library/WebSer...')
#10 /Library/WebServer/yi-1-1-13/web/CBaseController.php(95): CBaseController->renderInternal('/Library/WebSer...', Array, true)
#11 /Library/WebServer/yi-1-1-13/web/CController.php(869): CBaseController->renderFile('/Library/WebSer...', Array, true)
#12 /Library/WebServer/Documents/trackstar/protected/views/issue/create.php(18): CController->renderPartial('_form', Array)
#13 /Library/WebServer/yi-1-1-13/web/CBaseController.php(126): require('/Library/WebSer...')
#14 /Library/WebServer/yi-1-1-13/web/CBaseController.php(95): CBaseController->renderInternal('/Library/WebSer...', Array, true)
#15 /Library/WebServer/yi-1-1-13/web/CController.php(869): CBaseController->renderFile('/Library/WebSer...', Array, true)
#16 /Library/WebServer/yi-1-1-13/web/CController.php(782): CController->renderPartial('create', Array, true)
#17 /Library/WebServer/Documents/trackstar/protected/controllers/IssueController.php(79): CController->render('create', Array)
#18 /Library/WebServer/yi-1-1-13/web/actions/CInlineAction.php(49): IssueController->actionCreate()
#19 /Library/WebServer/yi-1-1-13/web/CController.php(308): CInlineAction->runWithParams(Array)
#20 /Library/WebServer/yi-1-1-13/web/filters/CFilterChain.php(133): CController->runAction(Object(CInlineAction))
#21 /Library/WebServer/yi-1-1-13/web/filters/CFilter.php(40): CFilterChain->run()
#22 /Library/WebServer/yi-1-1-13/web/CController.php(1145): CFilter->filter(Object(CFilterChain))
#23 /Library/WebServer/yi-1-1-13/web/filters/CInlineFilter.php(58): CController->filterAccessControl(Object(CFilterChain))
#24 /Library/WebServer/yi-1-1-13/web/filters/CFilterChain.php(130): CInlineFilter->filter(Object(CFilterChain))
#25 /Library/WebServer/yi-1-1-13/web/CController.php(291): CFilterChain->run()
#26 /Library/WebServer/yi-1-1-13/web/CController.php(265): CController->runActionWithFilters(Object(CInlineAction), Array)
#27 /Library/WebServer/yi-1-1-13/web/CWebApplication.php(282): CController->run('create')
#28 /Library/WebServer/yi-1-1-13/web/CWebApplication.php(141): CWebApplication->runController('issue/create')
#29 /Library/WebServer/yi-1-1-13/base/CApplication.php(169): CWebApplication->processRequest()
#30 /Library/WebServer/Documents/trackstar/index.php(13): CApplication->run()
#31 {main}
REQUEST_URI=/trackstar/index.php?r=issue/create
---
2013/05/02 14:46:17 [error] [exception.CHttpException.403] exception 'CHttpException' with message 'Must specify a project before performing this action.' in /Library/WebServer/Documents/trackstar/protected/controllers/IssueController.php:188
Stack trace:
#0 /Library/WebServer/yi-1-1-13/web/filters/CInlineFilter.php(58): IssueController->filterProjectContext(Object(CFilterChain))
#1 /Library/WebServer/yi-1-1-13/web/filters/CFilterChain.php(130): CInlineFilter->filter(Object(CFilterChain))
#2 /Library/WebServer/yi-1-1-13/web/filters/CFilter.php(40): CFilterChain->run()
#3 /Library/WebServer/yi-1-1-13/web/CController.php(1145): CFilter->filter(Object(CFilterChain))
#4 /Library/WebServer/yi-1-1-13/web/filters/CInlineFilter.php(58): CController->filterAccessControl(Object(CFilterChain))
#5 /Library/WebServer/yi-1-1-13/web/filters/CFilterChain.php(130): CInlineFilter->filter(Object(CFilterChain))
#6 /Library/WebServer/yi-1-1-13/web/CController.php(291): CFilterChain->run()
#7 /Library/WebServer/yi-1-1-13/web/CController.php(265): CController->runActionWithFilters(Object(CInlineAction), Array)
#8 /Library/WebServer/yi-1-1-13/web/CWebApplication.php(282): CController->run('create')
#9 /Library/WebServer/yi-1-1-13/web/CWebApplication.php(141): CWebApplication->runController('issue/create')
#10 /Library/WebServer/yi-1-1-13/base/CApplication.php(169): CWebApplication->processRequest()
#11 /Library/WebServer/Documents/trackstar/index.php(13): CApplication->run()
#12 {main}
REQUEST_URI=/trackstar/index.php?r=issue/create
HTTP_REFERER=http://localhost/trackstar/index.php?r=issue
---
2013/05/02 16:18:18 [error] [php] Undefined index: $this->status_id (/Library/WebServer/Documents/trackstar/protected/models/Issue.php:192)
Stack trace:
#0 /Library/WebServer/yi-1-1-13/web/CBaseController.php(95): ProjectController->renderInternal()
#1 /Library/WebServer/yi-1-1-13/zii/widgets/CListView.php(281): ProjectController->renderFile()
#2 /Library/WebServer/yi-1-1-13/zii/widgets/CBaseListView.php(160): CListView->renderItems()
#3 unknown(0): CListView->renderSection()
#4 /Library/WebServer/yi-1-1-13/zii/widgets/CBaseListView.php(143): preg_replace_callback()
#5 /Library/WebServer/yi-1-1-13/zii/widgets/CBaseListView.php(128): CListView->renderContent()
#6 /Library/WebServer/yi-1-1-13/web/CBaseController.php(173): CListView->run()
#7 /Library/WebServer/Documents/trackstar/protected/views/project/view.php(41): ProjectController->widget()
#8 /Library/WebServer/yi-1-1-13/web/CBaseController.php(126): require()
#9 /Library/WebServer/yi-1-1-13/web/CBaseController.php(95): ProjectController->renderInternal()
#10 /Library/WebServer/yi-1-1-13/web/CController.php(869): ProjectController->renderFile()
#11 /Library/WebServer/yi-1-1-13/web/CController.php(782): ProjectController->renderPartial()
#12 /Library/WebServer/Documents/trackstar/protected/controllers/ProjectController.php(67): ProjectController->render()
#13 unknown(0): ProjectController->actionView()
#14 /Library/WebServer/yi-1-1-13/web/actions/CAction.php(108): ReflectionMethod->invokeArgs()
#15 /Library/WebServer/yi-1-1-13/web/actions/CInlineAction.php(47): CInlineAction->runWithParamsInternal()
#16 /Library/WebServer/yi-1-1-13/web/CController.php(308): CInlineAction->runWithParams()
#17 /Library/WebServer/yi-1-1-13/web/filters/CFilterChain.php(133): ProjectController->runAction()
#18 /Library/WebServer/yi-1-1-13/web/filters/CFilter.php(40): CFilterChain->run()
#19 /Library/WebServer/yi-1-1-13/web/CController.php(1145): CAccessControlFilter->filter()
#20 /Library/WebServer/yi-1-1-13/web/filters/CInlineFilter.php(58): ProjectController->filterAccessControl()
#21 /Library/WebServer/yi-1-1-13/web/filters/CFilterChain.php(130): CInlineFilter->filter()
#22 /Library/WebServer/yi-1-1-13/web/CController.php(291): CFilterChain->run()
#23 /Library/WebServer/yi-1-1-13/web/CController.php(265): ProjectController->runActionWithFilters()
#24 /Library/WebServer/yi-1-1-13/web/CWebApplication.php(282): ProjectController->run()
#25 /Library/WebServer/yi-1-1-13/web/CWebApplication.php(141): CWebApplication->runController()
#26 /Library/WebServer/yi-1-1-13/base/CApplication.php(169): CWebApplication->processRequest()
#27 /Library/WebServer/Documents/trackstar/index.php(13): CWebApplication->run()
REQUEST_URI=/trackstar/index.php?r=project/view&id=1
in /Library/WebServer/Documents/trackstar/protected/models/Issue.php (192)
in /Library/WebServer/Documents/trackstar/protected/views/issue/_view.php (20)
in /Library/WebServer/Documents/trackstar/protected/views/project/view.php (41)
2013/05/02 16:42:00 [error] [exception.CHttpException.403] exception 'CHttpException' with message 'Must specify a project before performing this action.' in /Library/WebServer/Documents/trackstar/protected/controllers/IssueController.php:197
Stack trace:
#0 /Library/WebServer/yi-1-1-13/web/filters/CInlineFilter.php(58): IssueController->filterProjectContext(Object(CFilterChain))
#1 /Library/WebServer/yi-1-1-13/web/filters/CFilterChain.php(130): CInlineFilter->filter(Object(CFilterChain))
#2 /Library/WebServer/yi-1-1-13/web/filters/CFilter.php(40): CFilterChain->run()
#3 /Library/WebServer/yi-1-1-13/web/CController.php(1145): CFilter->filter(Object(CFilterChain))
#4 /Library/WebServer/yi-1-1-13/web/filters/CInlineFilter.php(58): CController->filterAccessControl(Object(CFilterChain))
#5 /Library/WebServer/yi-1-1-13/web/filters/CFilterChain.php(130): CInlineFilter->filter(Object(CFilterChain))
#6 /Library/WebServer/yi-1-1-13/web/CController.php(291): CFilterChain->run()
#7 /Library/WebServer/yi-1-1-13/web/CController.php(265): CController->runActionWithFilters(Object(CInlineAction), Array)
#8 /Library/WebServer/yi-1-1-13/web/CWebApplication.php(282): CController->run('admin')
#9 /Library/WebServer/yi-1-1-13/web/CWebApplication.php(141): CWebApplication->runController('issue/admin')
#10 /Library/WebServer/yi-1-1-13/base/CApplication.php(169): CWebApplication->processRequest()
#11 /Library/WebServer/Documents/trackstar/index.php(13): CApplication->run()
#12 {main}
REQUEST_URI=/trackstar/index.php?r=issue/admin
HTTP_REFERER=http://localhost/trackstar/index.php?r=issue/view&id=2
---
2013/05/02 16:42:50 [error] [system.db.CDbCommand] CDbCommand::fetchColumn() failed: SQLSTATE[HY093]: Invalid parameter number: parameter was not defined. The SQL statement executed was: SELECT COUNT(*) FROM `tbl_issue` `t` WHERE project_id=:projectID.
in /Library/WebServer/Documents/trackstar/protected/views/issue/admin.php (66)
in /Library/WebServer/Documents/trackstar/protected/controllers/IssueController.php (156)
in /Library/WebServer/Documents/trackstar/protected/controllers/IssueController.php (201)
2013/05/02 16:42:50 [error] [exception.CDbException] exception 'CDbException' with message 'CDbCommand failed to execute the SQL statement: SQLSTATE[HY093]: Invalid parameter number: parameter was not defined. The SQL statement executed was: SELECT COUNT(*) FROM `tbl_issue` `t` WHERE project_id=:projectID' in /Library/WebServer/yi-1-1-13/db/CDbCommand.php:541
Stack trace:
#0 /Library/WebServer/yi-1-1-13/db/CDbCommand.php(432): CDbCommand->queryInternal('fetchColumn', 0, Array)
#1 /Library/WebServer/yi-1-1-13/db/ar/CActiveRecord.php(1546): CDbCommand->queryScalar()
#2 /Library/WebServer/yi-1-1-13/web/CActiveDataProvider.php(179): CActiveRecord->count(Object(CDbCriteria))
#3 /Library/WebServer/yi-1-1-13/web/CDataProvider.php(224): CActiveDataProvider->calculateTotalItemCount()
#4 /Library/WebServer/yi-1-1-13/web/CActiveDataProvider.php(129): CDataProvider->getTotalItemCount()
#5 /Library/WebServer/yi-1-1-13/web/CDataProvider.php(168): CActiveDataProvider->fetchData()
#6 /Library/WebServer/yi-1-1-13/zii/widgets/CBaseListView.php(107): CDataProvider->getData()
#7 /Library/WebServer/yi-1-1-13/zii/widgets/grid/CGridView.php(314): CBaseListView->init()
#8 /Library/WebServer/yi-1-1-13/web/CBaseController.php(147): CGridView->init()
#9 /Library/WebServer/yi-1-1-13/web/CBaseController.php(172): CBaseController->createWidget('zii.widgets.gri...', Array)
#10 /Library/WebServer/Documents/trackstar/protected/views/issue/admin.php(66): CBaseController->widget('zii.widgets.gri...', Array)
#11 /Library/WebServer/yi-1-1-13/web/CBaseController.php(126): require('/Library/WebSer...')
#12 /Library/WebServer/yi-1-1-13/web/CBaseController.php(95): CBaseController->renderInternal('/Library/WebSer...', Array, true)
#13 /Library/WebServer/yi-1-1-13/web/CController.php(869): CBaseController->renderFile('/Library/WebSer...', Array, true)
#14 /Library/WebServer/yi-1-1-13/web/CController.php(782): CController->renderPartial('admin', Array, true)
#15 /Library/WebServer/Documents/trackstar/protected/controllers/IssueController.php(156): CController->render('admin', Array)
#16 /Library/WebServer/yi-1-1-13/web/actions/CInlineAction.php(49): IssueController->actionAdmin()
#17 /Library/WebServer/yi-1-1-13/web/CController.php(308): CInlineAction->runWithParams(Array)
#18 /Library/WebServer/yi-1-1-13/web/filters/CFilterChain.php(133): CController->runAction(Object(CInlineAction))
#19 /Library/WebServer/Documents/trackstar/protected/controllers/IssueController.php(201): CFilterChain->run()
#20 /Library/WebServer/yi-1-1-13/web/filters/CInlineFilter.php(58): IssueController->filterProjectContext(Object(CFilterChain))
#21 /Library/WebServer/yi-1-1-13/web/filters/CFilterChain.php(130): CInlineFilter->filter(Object(CFilterChain))
#22 /Library/WebServer/yi-1-1-13/web/filters/CFilter.php(40): CFilterChain->run()
#23 /Library/WebServer/yi-1-1-13/web/CController.php(1145): CFilter->filter(Object(CFilterChain))
#24 /Library/WebServer/yi-1-1-13/web/filters/CInlineFilter.php(58): CController->filterAccessControl(Object(CFilterChain))
#25 /Library/WebServer/yi-1-1-13/web/filters/CFilterChain.php(130): CInlineFilter->filter(Object(CFilterChain))
#26 /Library/WebServer/yi-1-1-13/web/CController.php(291): CFilterChain->run()
#27 /Library/WebServer/yi-1-1-13/web/CController.php(265): CController->runActionWithFilters(Object(CInlineAction), Array)
#28 /Library/WebServer/yi-1-1-13/web/CWebApplication.php(282): CController->run('admin')
#29 /Library/WebServer/yi-1-1-13/web/CWebApplication.php(141): CWebApplication->runController('issue/admin')
#30 /Library/WebServer/yi-1-1-13/base/CApplication.php(169): CWebApplication->processRequest()
#31 /Library/WebServer/Documents/trackstar/index.php(13): CApplication->run()
#32 {main}
REQUEST_URI=/trackstar/index.php?r=issue/admin&pid=1
HTTP_REFERER=http://localhost/trackstar/index.php?r=issue/view&id=1
---
2013/05/02 17:00:12 [error] [exception.CHttpException.403] exception 'CHttpException' with message 'Must specify a project before performing this action.' in /Library/WebServer/Documents/trackstar/protected/controllers/IssueController.php:197
Stack trace:
#0 /Library/WebServer/yi-1-1-13/web/filters/CInlineFilter.php(58): IssueController->filterProjectContext(Object(CFilterChain))
#1 /Library/WebServer/yi-1-1-13/web/filters/CFilterChain.php(130): CInlineFilter->filter(Object(CFilterChain))
#2 /Library/WebServer/yi-1-1-13/web/filters/CFilter.php(40): CFilterChain->run()
#3 /Library/WebServer/yi-1-1-13/web/CController.php(1145): CFilter->filter(Object(CFilterChain))
#4 /Library/WebServer/yi-1-1-13/web/filters/CInlineFilter.php(58): CController->filterAccessControl(Object(CFilterChain))
#5 /Library/WebServer/yi-1-1-13/web/filters/CFilterChain.php(130): CInlineFilter->filter(Object(CFilterChain))
#6 /Library/WebServer/yi-1-1-13/web/CController.php(291): CFilterChain->run()
#7 /Library/WebServer/yi-1-1-13/web/CController.php(265): CController->runActionWithFilters(Object(CInlineAction), Array)
#8 /Library/WebServer/yi-1-1-13/web/CWebApplication.php(282): CController->run('index')
#9 /Library/WebServer/yi-1-1-13/web/CWebApplication.php(141): CWebApplication->runController('issue/index')
#10 /Library/WebServer/yi-1-1-13/base/CApplication.php(169): CWebApplication->processRequest()
#11 /Library/WebServer/Documents/trackstar/index.php(13): CApplication->run()
#12 {main}
REQUEST_URI=/trackstar/index.php?r=issue/index
HTTP_REFERER=http://localhost/trackstar/index.php?r=issue/admin&pid=1
---
2013/05/02 17:00:21 [error] [exception.CHttpException.403] exception 'CHttpException' with message 'Must specify a project before performing this action.' in /Library/WebServer/Documents/trackstar/protected/controllers/IssueController.php:197
Stack trace:
#0 /Library/WebServer/yi-1-1-13/web/filters/CInlineFilter.php(58): IssueController->filterProjectContext(Object(CFilterChain))
#1 /Library/WebServer/yi-1-1-13/web/filters/CFilterChain.php(130): CInlineFilter->filter(Object(CFilterChain))
#2 /Library/WebServer/yi-1-1-13/web/filters/CFilter.php(40): CFilterChain->run()
#3 /Library/WebServer/yi-1-1-13/web/CController.php(1145): CFilter->filter(Object(CFilterChain))
#4 /Library/WebServer/yi-1-1-13/web/filters/CInlineFilter.php(58): CController->filterAccessControl(Object(CFilterChain))
#5 /Library/WebServer/yi-1-1-13/web/filters/CFilterChain.php(130): CInlineFilter->filter(Object(CFilterChain))
#6 /Library/WebServer/yi-1-1-13/web/CController.php(291): CFilterChain->run()
#7 /Library/WebServer/yi-1-1-13/web/CController.php(265): CController->runActionWithFilters(Object(CInlineAction), Array)
#8 /Library/WebServer/yi-1-1-13/web/CWebApplication.php(282): CController->run('')
#9 /Library/WebServer/yi-1-1-13/web/CWebApplication.php(141): CWebApplication->runController('issue')
#10 /Library/WebServer/yi-1-1-13/base/CApplication.php(169): CWebApplication->processRequest()
#11 /Library/WebServer/Documents/trackstar/index.php(13): CApplication->run()
#12 {main}
REQUEST_URI=/trackstar/index.php?r=issue
---
2013/05/02 17:02:45 [error] [exception.CHttpException.403] exception 'CHttpException' with message 'Must specify a project before performing this action.' in /Library/WebServer/Documents/trackstar/protected/controllers/IssueController.php:197
Stack trace:
#0 /Library/WebServer/yi-1-1-13/web/filters/CInlineFilter.php(58): IssueController->filterProjectContext(Object(CFilterChain))
#1 /Library/WebServer/yi-1-1-13/web/filters/CFilterChain.php(130): CInlineFilter->filter(Object(CFilterChain))
#2 /Library/WebServer/yi-1-1-13/web/filters/CFilter.php(40): CFilterChain->run()
#3 /Library/WebServer/yi-1-1-13/web/CController.php(1145): CFilter->filter(Object(CFilterChain))
#4 /Library/WebServer/yi-1-1-13/web/filters/CInlineFilter.php(58): CController->filterAccessControl(Object(CFilterChain))
#5 /Library/WebServer/yi-1-1-13/web/filters/CFilterChain.php(130): CInlineFilter->filter(Object(CFilterChain))
#6 /Library/WebServer/yi-1-1-13/web/CController.php(291): CFilterChain->run()
#7 /Library/WebServer/yi-1-1-13/web/CController.php(265): CController->runActionWithFilters(Object(CInlineAction), Array)
#8 /Library/WebServer/yi-1-1-13/web/CWebApplication.php(282): CController->run('admin')
#9 /Library/WebServer/yi-1-1-13/web/CWebApplication.php(141): CWebApplication->runController('issue/admin')
#10 /Library/WebServer/yi-1-1-13/base/CApplication.php(169): CWebApplication->processRequest()
#11 /Library/WebServer/Documents/trackstar/index.php(13): CApplication->run()
#12 {main}
REQUEST_URI=/trackstar/index.php?r=issue/admin
HTTP_REFERER=http://localhost/trackstar/index.php?r=issue/index&pid=1
---
